<?xml version="1.0" encoding="UTF-8" ?>
<testsuite tests="15" failures="0" name="fi.muni.cz.contacts.test.ContactInformationImplTest" time="3.411" errors="0" skipped="0">
  <properties>
    <property name="java.runtime.name" value="OpenJDK Runtime Environment"/>
    <property name="sun.boot.library.path" value="/usr/lib/jvm/java-8-openjdk-amd64/jre/lib/amd64"/>
    <property name="java.vm.version" value="25.131-b11"/>
    <property name="java.vm.vendor" value="Oracle Corporation"/>
    <property name="java.vendor.url" value="http://java.oracle.com/"/>
    <property name="path.separator" value=":"/>
    <property name="guice.disable.misplaced.annotation.check" value="true"/>
    <property name="java.vm.name" value="OpenJDK 64-Bit Server VM"/>
    <property name="file.encoding.pkg" value="sun.io"/>
    <property name="user.country" value="US"/>
    <property name="sun.java.launcher" value="SUN_STANDARD"/>
    <property name="sun.os.patch.level" value="unknown"/>
    <property name="java.vm.specification.name" value="Java Virtual Machine Specification"/>
    <property name="user.dir" value="/media/teena/Data/School/PV168/final/javaMaven"/>
    <property name="java.runtime.version" value="1.8.0_131-8u131-b11-0ubuntu1.16.04.2-b11"/>
    <property name="java.awt.graphicsenv" value="sun.awt.X11GraphicsEnvironment"/>
    <property name="java.endorsed.dirs" value="/usr/lib/jvm/java-8-openjdk-amd64/jre/lib/endorsed"/>
    <property name="os.arch" value="amd64"/>
    <property name="java.io.tmpdir" value="/tmp"/>
    <property name="line.separator" value="
"/>
    <property name="java.vm.specification.vendor" value="Oracle Corporation"/>
    <property name="os.name" value="Linux"/>
    <property name="maven.ext.class.path" value="/home/teena/netbeans-8.2/java/maven-nblib/netbeans-eventspy.jar"/>
    <property name="classworlds.conf" value="/home/teena/netbeans-8.2/java/maven/bin/m2.conf"/>
    <property name="sun.jnu.encoding" value="UTF-8"/>
    <property name="java.library.path" value="/usr/java/packages/lib/amd64:/usr/lib/x86_64-linux-gnu/jni:/lib/x86_64-linux-gnu:/usr/lib/x86_64-linux-gnu:/usr/lib/jni:/lib:/usr/lib"/>
    <property name="java.specification.name" value="Java Platform API Specification"/>
    <property name="java.class.version" value="52.0"/>
    <property name="sun.management.compiler" value="HotSpot 64-Bit Tiered Compilers"/>
    <property name="os.version" value="4.4.0-83-generic"/>
    <property name="user.home" value="/home/teena"/>
    <property name="user.timezone" value="Europe/Prague"/>
    <property name="java.awt.printerjob" value="sun.print.PSPrinterJob"/>
    <property name="file.encoding" value="UTF-8"/>
    <property name="java.specification.version" value="1.8"/>
    <property name="user.name" value="teena"/>
    <property name="java.class.path" value="/home/teena/netbeans-8.2/java/maven/boot/plexus-classworlds-2.4.jar"/>
    <property name="java.vm.specification.version" value="1.8"/>
    <property name="sun.arch.data.model" value="64"/>
    <property name="java.home" value="/usr/lib/jvm/java-8-openjdk-amd64/jre"/>
    <property name="sun.java.command" value="org.codehaus.plexus.classworlds.launcher.Launcher -Dmaven.ext.class.path=/home/teena/netbeans-8.2/java/maven-nblib/netbeans-eventspy.jar install"/>
    <property name="java.specification.vendor" value="Oracle Corporation"/>
    <property name="user.language" value="en"/>
    <property name="awt.toolkit" value="sun.awt.X11.XToolkit"/>
    <property name="java.vm.info" value="mixed mode"/>
    <property name="java.version" value="1.8.0_131"/>
    <property name="java.ext.dirs" value="/usr/lib/jvm/java-8-openjdk-amd64/jre/lib/ext:/usr/java/packages/lib/ext"/>
    <property name="securerandom.source" value="file:/dev/./urandom"/>
    <property name="sun.boot.class.path" value="/usr/lib/jvm/java-8-openjdk-amd64/jre/lib/resources.jar:/usr/lib/jvm/java-8-openjdk-amd64/jre/lib/rt.jar:/usr/lib/jvm/java-8-openjdk-amd64/jre/lib/sunrsasign.jar:/usr/lib/jvm/java-8-openjdk-amd64/jre/lib/jsse.jar:/usr/lib/jvm/java-8-openjdk-amd64/jre/lib/jce.jar:/usr/lib/jvm/java-8-openjdk-amd64/jre/lib/charsets.jar:/usr/lib/jvm/java-8-openjdk-amd64/jre/lib/jfr.jar:/usr/lib/jvm/java-8-openjdk-amd64/jre/classes"/>
    <property name="java.vendor" value="Oracle Corporation"/>
    <property name="maven.home" value="/home/teena/netbeans-8.2/java/maven"/>
    <property name="file.separator" value="/"/>
    <property name="java.vendor.url.bug" value="http://bugreport.sun.com/bugreport/"/>
    <property name="sun.cpu.endian" value="little"/>
    <property name="sun.io.unicode.encoding" value="UnicodeLittle"/>
    <property name="sun.desktop" value="gnome"/>
    <property name="sun.cpu.isalist" value=""/>
  </properties>
  <testcase classname="fi.muni.cz.contacts.test.ContactInformationImplTest" name="addEmail" time="1.781"/>
  <testcase classname="fi.muni.cz.contacts.test.ContactInformationImplTest" name="addPhone" time="0.176"/>
  <testcase classname="fi.muni.cz.contacts.test.ContactInformationImplTest" name="addPhoneNull" time="0.126"/>
  <testcase classname="fi.muni.cz.contacts.test.ContactInformationImplTest" name="updatePerson" time="0.146"/>
  <testcase classname="fi.muni.cz.contacts.test.ContactInformationImplTest" name="removeEmailNotInCollection" time="0.125"/>
  <testcase classname="fi.muni.cz.contacts.test.ContactInformationImplTest" name="getPhonesEmpty" time="0.104"/>
  <testcase classname="fi.muni.cz.contacts.test.ContactInformationImplTest" name="removePhoneNotInCollection" time="0.125"/>
  <testcase classname="fi.muni.cz.contacts.test.ContactInformationImplTest" name="removeEmail" time="0.121"/>
  <testcase classname="fi.muni.cz.contacts.test.ContactInformationImplTest" name="removePhone" time="0.118"/>
  <testcase classname="fi.muni.cz.contacts.test.ContactInformationImplTest" name="removeEmailNull" time="0.085"/>
  <testcase classname="fi.muni.cz.contacts.test.ContactInformationImplTest" name="removePhoneNull" time="0.081"/>
  <testcase classname="fi.muni.cz.contacts.test.ContactInformationImplTest" name="updateAddressFirstTime" time="0.111"/>
  <testcase classname="fi.muni.cz.contacts.test.ContactInformationImplTest" name="updateAddress" time="0.123"/>
  <testcase classname="fi.muni.cz.contacts.test.ContactInformationImplTest" name="addEmailNull" time="0.079"/>
  <testcase classname="fi.muni.cz.contacts.test.ContactInformationImplTest" name="getEmailsEmpty" time="0.102"/>
</testsuite>